2019-03-06 16:30:09,482 INFO [restartedMain] o.v.s.admin.AdminServiceApplication [StartupInfoLogger.java : 50] Starting AdminServiceApplication on Xuzhens-MacBook-Pro.local with PID 96137 (/Users/xuzhen/Documents/Dev/vision/source/admin-service/target/classes started by xuzhen in /Users/xuzhen/Documents/Dev/vision/source/admin-service)
2019-03-06 16:30:09,488 INFO [restartedMain] o.v.s.admin.AdminServiceApplication [SpringApplication.java : 679] The following profiles are active: dev
2019-03-06 16:30:09,536 INFO [restartedMain] o.s.b.d.e.DevToolsPropertyDefaultsPostProcessor [DeferredLog.java : 227] Devtools property defaults active! Set 'spring.devtools.add-properties' to 'false' to disable
2019-03-06 16:30:09,537 INFO [restartedMain] o.s.b.d.e.DevToolsPropertyDefaultsPostProcessor [DeferredLog.java : 227] For additional web related logging consider setting the 'logging.level.web' property to 'DEBUG'
2019-03-06 16:30:11,240 INFO [restartedMain] o.s.c.s.PostProcessorRegistrationDelegate$BeanPostProcessorChecker [PostProcessorRegistrationDelegate.java : 330] Bean 'org.springframework.transaction.annotation.ProxyTransactionManagementConfiguration' of type [org.springframework.transaction.annotation.ProxyTransactionManagementConfiguration$$EnhancerBySpringCGLIB$$abb311b8] is not eligible for getting processed by all BeanPostProcessors (for example: not eligible for auto-proxying)
2019-03-06 16:30:11,789 INFO [restartedMain] o.s.b.w.e.tomcat.TomcatWebServer [TomcatWebServer.java : 90] Tomcat initialized with port(s): 8081 (http)
2019-03-06 16:30:11,805 INFO [restartedMain] o.a.coyote.http11.Http11NioProtocol [DirectJDKLog.java : 173] Initializing ProtocolHandler ["http-nio-8081"]
2019-03-06 16:30:11,816 INFO [restartedMain] o.a.catalina.core.StandardService [DirectJDKLog.java : 173] Starting service [Tomcat]
2019-03-06 16:30:11,816 INFO [restartedMain] o.a.catalina.core.StandardEngine [DirectJDKLog.java : 173] Starting Servlet Engine: Apache Tomcat/9.0.13
2019-03-06 16:30:11,824 INFO [restartedMain] o.a.c.core.AprLifecycleListener [DirectJDKLog.java : 173] The APR based Apache Tomcat Native library which allows optimal performance in production environments was not found on the java.library.path: [/Users/xuzhen/Library/Java/Extensions:/Library/Java/Extensions:/Network/Library/Java/Extensions:/System/Library/Java/Extensions:/usr/lib/java:.]
2019-03-06 16:30:11,920 INFO [restartedMain] o.a.c.c.C.[Tomcat].[localhost].[/] [DirectJDKLog.java : 173] Initializing Spring embedded WebApplicationContext
2019-03-06 16:30:11,920 INFO [restartedMain] o.s.web.context.ContextLoader [ServletWebServerApplicationContext.java : 296] Root WebApplicationContext: initialization completed in 2383 ms
2019-03-06 16:30:13,253 INFO [restartedMain] o.s.b.a.e.web.EndpointLinksResolver [EndpointLinksResolver.java : 59] Exposing 2 endpoint(s) beneath base path '/actuator'
2019-03-06 16:30:13,531 INFO [restartedMain] o.s.s.web.DefaultSecurityFilterChain [DefaultSecurityFilterChain.java : 43] Creating filter chain: any request, [org.springframework.security.web.context.request.async.WebAsyncManagerIntegrationFilter@52959fab, org.springframework.security.web.context.SecurityContextPersistenceFilter@3e292f5d, org.springframework.security.web.header.HeaderWriterFilter@5758e765, org.springframework.security.web.authentication.logout.LogoutFilter@17735abd, org.vision.service.admin.configuration.security.jwt.JwtAuthenticationTokenFilter@75f03e21, org.springframework.security.web.authentication.UsernamePasswordAuthenticationFilter@3fb07aee, org.springframework.security.web.savedrequest.RequestCacheAwareFilter@6e6ae582, org.springframework.security.web.servletapi.SecurityContextHolderAwareRequestFilter@55e7de38, org.springframework.security.web.authentication.AnonymousAuthenticationFilter@4c4d3c08, org.springframework.security.web.session.SessionManagementFilter@46f352f5, org.springframework.security.web.access.ExceptionTranslationFilter@2b88f66a, org.springframework.security.web.access.intercept.FilterSecurityInterceptor@4b883291]
2019-03-06 16:30:13,564 INFO [restartedMain] s.d.s.w.PropertySourcedRequestMappingHandlerMapping [PropertySourcedRequestMappingHandlerMapping.java : 69] Mapped URL path [/v2/api-docs] onto method [public org.springframework.http.ResponseEntity<springfox.documentation.spring.web.json.Json> springfox.documentation.swagger2.web.Swagger2Controller.getDocumentation(java.lang.String,javax.servlet.http.HttpServletRequest)]
2019-03-06 16:30:13,703 INFO [restartedMain] o.s.s.c.ThreadPoolTaskExecutor [ExecutorConfigurationSupport.java : 171] Initializing ExecutorService 'applicationTaskExecutor'
2019-03-06 16:30:13,756 INFO [restartedMain] o.s.b.d.a.OptionalLiveReloadServer [OptionalLiveReloadServer.java : 57] LiveReload server is running on port 35729
2019-03-06 16:30:14,051 INFO [restartedMain] s.d.s.w.p.DocumentationPluginsBootstrapper [DocumentationPluginsBootstrapper.java : 160] Context refreshed
2019-03-06 16:30:14,081 INFO [restartedMain] s.d.s.w.p.DocumentationPluginsBootstrapper [DocumentationPluginsBootstrapper.java : 163] Found 1 custom documentation plugin(s)
2019-03-06 16:30:14,116 INFO [restartedMain] s.d.s.w.s.ApiListingReferenceScanner [ApiListingReferenceScanner.java : 41] Scanning for api listing references
2019-03-06 16:30:14,307 INFO [restartedMain] s.d.s.w.r.o.CachingOperationNameGenerator [CachingOperationNameGenerator.java : 40] Generating unique operation named: getListUsingPOST_1
2019-03-06 16:30:14,311 INFO [restartedMain] s.d.s.w.r.o.CachingOperationNameGenerator [CachingOperationNameGenerator.java : 40] Generating unique operation named: getListUsingPOST_2
2019-03-06 16:30:14,337 INFO [restartedMain] o.a.coyote.http11.Http11NioProtocol [DirectJDKLog.java : 173] Starting ProtocolHandler ["http-nio-8081"]
2019-03-06 16:30:14,362 INFO [restartedMain] o.a.tomcat.util.net.NioSelectorPool [DirectJDKLog.java : 173] Using a shared selector for servlet write/read
2019-03-06 16:30:14,377 INFO [restartedMain] o.s.b.w.e.tomcat.TomcatWebServer [TomcatWebServer.java : 204] Tomcat started on port(s): 8081 (http) with context path ''
2019-03-06 16:30:14,381 INFO [restartedMain] o.v.s.admin.AdminServiceApplication [StartupInfoLogger.java : 59] Started AdminServiceApplication in 5.364 seconds (JVM running for 6.38)
2019-03-06 16:30:46,307 INFO [http-nio-8081-exec-1] o.a.c.c.C.[Tomcat].[localhost].[/] [DirectJDKLog.java : 173] Initializing Spring DispatcherServlet 'dispatcherServlet'
2019-03-06 16:30:46,307 INFO [http-nio-8081-exec-1] o.s.web.servlet.DispatcherServlet [FrameworkServlet.java : 524] Initializing Servlet 'dispatcherServlet'
2019-03-06 16:30:46,316 INFO [http-nio-8081-exec-1] o.s.web.servlet.DispatcherServlet [FrameworkServlet.java : 546] Completed initialization in 9 ms
2019-03-06 16:30:46,334 INFO [http-nio-8081-exec-1] o.v.s.a.c.s.j.JwtAuthenticationTokenFilter [JwtAuthenticationTokenFilter.java : 38] Authorization：null
2019-03-06 16:30:46,421 INFO [http-nio-8081-exec-1] com.zaxxer.hikari.HikariDataSource [HikariDataSource.java : 110] HikariPool-1 - Starting...
2019-03-06 16:30:46,593 INFO [http-nio-8081-exec-1] com.zaxxer.hikari.HikariDataSource [HikariDataSource.java : 123] HikariPool-1 - Start completed.
2019-03-06 16:30:46,599 DEBUG [http-nio-8081-exec-1] o.v.s.a.p.m.S.selectByUsername [BaseJdbcLogger.java : 159] ==>  Preparing: select id, username, password, enabled, locked, account_expire, credential_expire, created_time, modified_time from system_user where username = ? 
2019-03-06 16:30:46,628 DEBUG [http-nio-8081-exec-1] o.v.s.a.p.m.S.selectByUsername [BaseJdbcLogger.java : 159] ==> Parameters: admin(String)
2019-03-06 16:30:46,664 DEBUG [http-nio-8081-exec-1] o.v.s.a.p.m.S.selectByUsername [BaseJdbcLogger.java : 159] <==      Total: 1
2019-03-06 16:30:46,666 DEBUG [http-nio-8081-exec-1] o.v.s.a.p.m.S.selectByUserId [BaseJdbcLogger.java : 159] ==>  Preparing: select distinct sa.id, sa.`name`, sa.`desc`, sa.created_time, sa.modified_time from system_authority sa inner join system_role_authority sra on sa.id = sra.authority_id inner join system_user_role sur on sra.role_id = sur.role_id where sur.system_user_id = ? order by sa.name 
2019-03-06 16:30:46,666 DEBUG [http-nio-8081-exec-1] o.v.s.a.p.m.S.selectByUserId [BaseJdbcLogger.java : 159] ==> Parameters: 3cngvbN1pfxVfsXsGMfmhJ(String)
2019-03-06 16:30:46,673 DEBUG [http-nio-8081-exec-1] o.v.s.a.p.m.S.selectByUserId [BaseJdbcLogger.java : 159] <==      Total: 1
2019-03-06 16:30:46,914 INFO [http-nio-8081-exec-2] o.v.s.a.c.s.j.JwtAuthenticationTokenFilter [JwtAuthenticationTokenFilter.java : 38] Authorization：Bearer eyJhbGciOiJIUzUxMiJ9.eyJleHAiOjE1NTQ0NTMwNDYsInN1YiI6ImFkbWluIiwiY3JlYXRlZCI6MTU1MTg2MTA0NjY4M30.WuFbNxmfmV1sJcSwsBpHn1TvJrRuVova67ZsVCW1__tm42D3DLNFyeL1rWG3bTcdo0Bc6WE6W3pSN3yJDpHXsw
2019-03-06 16:30:46,961 DEBUG [http-nio-8081-exec-2] o.v.s.a.p.m.S.selectByUsername [BaseJdbcLogger.java : 159] ==>  Preparing: select id, username, password, enabled, locked, account_expire, credential_expire, created_time, modified_time from system_user where username = ? 
2019-03-06 16:30:46,962 DEBUG [http-nio-8081-exec-2] o.v.s.a.p.m.S.selectByUsername [BaseJdbcLogger.java : 159] ==> Parameters: admin(String)
2019-03-06 16:30:46,966 DEBUG [http-nio-8081-exec-2] o.v.s.a.p.m.S.selectByUsername [BaseJdbcLogger.java : 159] <==      Total: 1
2019-03-06 16:30:46,967 DEBUG [http-nio-8081-exec-2] o.v.s.a.p.m.S.selectByUserId [BaseJdbcLogger.java : 159] ==>  Preparing: select distinct sa.id, sa.`name`, sa.`desc`, sa.created_time, sa.modified_time from system_authority sa inner join system_role_authority sra on sa.id = sra.authority_id inner join system_user_role sur on sra.role_id = sur.role_id where sur.system_user_id = ? order by sa.name 
2019-03-06 16:30:46,967 DEBUG [http-nio-8081-exec-2] o.v.s.a.p.m.S.selectByUserId [BaseJdbcLogger.java : 159] ==> Parameters: 3cngvbN1pfxVfsXsGMfmhJ(String)
2019-03-06 16:30:46,971 DEBUG [http-nio-8081-exec-2] o.v.s.a.p.m.S.selectByUserId [BaseJdbcLogger.java : 159] <==      Total: 1
2019-03-06 16:30:47,008 DEBUG [http-nio-8081-exec-2] o.v.s.a.p.m.S.selectByPrimaryKey [BaseJdbcLogger.java : 159] ==>  Preparing: select id, name, avatar, gender, created_time, modified_time from system_user_profile where id = ? 
2019-03-06 16:30:47,009 DEBUG [http-nio-8081-exec-2] o.v.s.a.p.m.S.selectByPrimaryKey [BaseJdbcLogger.java : 159] ==> Parameters: 3cngvbN1pfxVfsXsGMfmhJ(String)
2019-03-06 16:30:47,012 DEBUG [http-nio-8081-exec-2] o.v.s.a.p.m.S.selectByPrimaryKey [BaseJdbcLogger.java : 159] <==      Total: 1
2019-03-06 16:30:47,013 DEBUG [http-nio-8081-exec-2] o.v.s.a.p.m.S.selectByUserId [BaseJdbcLogger.java : 159] ==>  Preparing: select distinct sa.id, sa.`name`, sa.`desc`, sa.created_time, sa.modified_time from system_authority sa inner join system_role_authority sra on sa.id = sra.authority_id inner join system_user_role sur on sra.role_id = sur.role_id where sur.system_user_id = ? order by sa.name 
2019-03-06 16:30:47,014 DEBUG [http-nio-8081-exec-2] o.v.s.a.p.m.S.selectByUserId [BaseJdbcLogger.java : 159] ==> Parameters: 3cngvbN1pfxVfsXsGMfmhJ(String)
2019-03-06 16:30:47,017 DEBUG [http-nio-8081-exec-2] o.v.s.a.p.m.S.selectByUserId [BaseJdbcLogger.java : 159] <==      Total: 1
2019-03-06 16:30:53,474 INFO [http-nio-8081-exec-3] o.v.s.a.c.s.j.JwtAuthenticationTokenFilter [JwtAuthenticationTokenFilter.java : 38] Authorization：Bearer eyJhbGciOiJIUzUxMiJ9.eyJleHAiOjE1NTQ0NTMwNDYsInN1YiI6ImFkbWluIiwiY3JlYXRlZCI6MTU1MTg2MTA0NjY4M30.WuFbNxmfmV1sJcSwsBpHn1TvJrRuVova67ZsVCW1__tm42D3DLNFyeL1rWG3bTcdo0Bc6WE6W3pSN3yJDpHXsw
2019-03-06 16:30:53,480 DEBUG [http-nio-8081-exec-3] o.v.s.a.p.m.S.selectByUsername [BaseJdbcLogger.java : 159] ==>  Preparing: select id, username, password, enabled, locked, account_expire, credential_expire, created_time, modified_time from system_user where username = ? 
2019-03-06 16:30:53,481 DEBUG [http-nio-8081-exec-3] o.v.s.a.p.m.S.selectByUsername [BaseJdbcLogger.java : 159] ==> Parameters: admin(String)
2019-03-06 16:30:53,485 DEBUG [http-nio-8081-exec-3] o.v.s.a.p.m.S.selectByUsername [BaseJdbcLogger.java : 159] <==      Total: 1
2019-03-06 16:30:53,486 DEBUG [http-nio-8081-exec-3] o.v.s.a.p.m.S.selectByUserId [BaseJdbcLogger.java : 159] ==>  Preparing: select distinct sa.id, sa.`name`, sa.`desc`, sa.created_time, sa.modified_time from system_authority sa inner join system_role_authority sra on sa.id = sra.authority_id inner join system_user_role sur on sra.role_id = sur.role_id where sur.system_user_id = ? order by sa.name 
2019-03-06 16:30:53,488 DEBUG [http-nio-8081-exec-3] o.v.s.a.p.m.S.selectByUserId [BaseJdbcLogger.java : 159] ==> Parameters: 3cngvbN1pfxVfsXsGMfmhJ(String)
2019-03-06 16:30:53,492 DEBUG [http-nio-8081-exec-3] o.v.s.a.p.m.S.selectByUserId [BaseJdbcLogger.java : 159] <==      Total: 1
2019-03-06 16:30:53,648 DEBUG [http-nio-8081-exec-3] o.v.s.a.p.m.V.selectByCriteria_COUNT [BaseJdbcLogger.java : 159] ==>  Preparing: SELECT count(0) FROM vision_activity WHERE archived = ? 
2019-03-06 16:30:53,649 DEBUG [http-nio-8081-exec-3] o.v.s.a.p.m.V.selectByCriteria_COUNT [BaseJdbcLogger.java : 159] ==> Parameters: false(Boolean)
2019-03-06 16:30:53,655 DEBUG [http-nio-8081-exec-3] o.v.s.a.p.m.V.selectByCriteria_COUNT [BaseJdbcLogger.java : 159] <==      Total: 1
2019-03-06 16:30:53,659 DEBUG [http-nio-8081-exec-3] o.v.s.a.p.m.V.selectByCriteria [BaseJdbcLogger.java : 159] ==>  Preparing: SELECT id, `name`, address, begin_date, end_date, content, contact_man, contact_phone_number, remark, archived, modified_time, created_time FROM vision_activity WHERE archived = ? order by begin_date desc LIMIT ? 
2019-03-06 16:30:53,660 DEBUG [http-nio-8081-exec-3] o.v.s.a.p.m.V.selectByCriteria [BaseJdbcLogger.java : 159] ==> Parameters: false(Boolean), 20(Integer)
2019-03-06 16:30:53,663 DEBUG [http-nio-8081-exec-3] o.v.s.a.p.m.V.selectByCriteria [BaseJdbcLogger.java : 159] <==      Total: 3
2019-03-06 16:30:59,870 INFO [http-nio-8081-exec-4] o.v.s.a.c.s.j.JwtAuthenticationTokenFilter [JwtAuthenticationTokenFilter.java : 38] Authorization：Bearer eyJhbGciOiJIUzUxMiJ9.eyJleHAiOjE1NTQ0NTMwNDYsInN1YiI6ImFkbWluIiwiY3JlYXRlZCI6MTU1MTg2MTA0NjY4M30.WuFbNxmfmV1sJcSwsBpHn1TvJrRuVova67ZsVCW1__tm42D3DLNFyeL1rWG3bTcdo0Bc6WE6W3pSN3yJDpHXsw
2019-03-06 16:30:59,874 DEBUG [http-nio-8081-exec-4] o.v.s.a.p.m.S.selectByUsername [BaseJdbcLogger.java : 159] ==>  Preparing: select id, username, password, enabled, locked, account_expire, credential_expire, created_time, modified_time from system_user where username = ? 
2019-03-06 16:30:59,875 DEBUG [http-nio-8081-exec-4] o.v.s.a.p.m.S.selectByUsername [BaseJdbcLogger.java : 159] ==> Parameters: admin(String)
2019-03-06 16:30:59,877 DEBUG [http-nio-8081-exec-4] o.v.s.a.p.m.S.selectByUsername [BaseJdbcLogger.java : 159] <==      Total: 1
2019-03-06 16:30:59,878 DEBUG [http-nio-8081-exec-4] o.v.s.a.p.m.S.selectByUserId [BaseJdbcLogger.java : 159] ==>  Preparing: select distinct sa.id, sa.`name`, sa.`desc`, sa.created_time, sa.modified_time from system_authority sa inner join system_role_authority sra on sa.id = sra.authority_id inner join system_user_role sur on sra.role_id = sur.role_id where sur.system_user_id = ? order by sa.name 
2019-03-06 16:30:59,879 DEBUG [http-nio-8081-exec-4] o.v.s.a.p.m.S.selectByUserId [BaseJdbcLogger.java : 159] ==> Parameters: 3cngvbN1pfxVfsXsGMfmhJ(String)
2019-03-06 16:30:59,882 DEBUG [http-nio-8081-exec-4] o.v.s.a.p.m.S.selectByUserId [BaseJdbcLogger.java : 159] <==      Total: 1
2019-03-06 16:30:59,901 DEBUG [http-nio-8081-exec-4] o.v.s.a.p.m.V.selectByCriteria_COUNT [BaseJdbcLogger.java : 159] ==>  Preparing: SELECT count(0) FROM vision_client c INNER JOIN vision_school_class_member scm ON scm.vision_client_id = c.id INNER JOIN vision_school_class sc ON scm.vision_class_id = sc.id INNER JOIN vision_school s ON s.id = sc.vision_school_id 
2019-03-06 16:30:59,902 DEBUG [http-nio-8081-exec-4] o.v.s.a.p.m.V.selectByCriteria_COUNT [BaseJdbcLogger.java : 159] ==> Parameters: 
2019-03-06 16:30:59,909 DEBUG [http-nio-8081-exec-4] o.v.s.a.p.m.V.selectByCriteria_COUNT [BaseJdbcLogger.java : 159] <==      Total: 1
2019-03-06 16:30:59,910 DEBUG [http-nio-8081-exec-4] o.v.s.a.p.m.V.selectByCriteria [BaseJdbcLogger.java : 159] ==>  Preparing: SELECT c.id as c_id, c.wx_client_id as c_wx_client_id, c.name as c_name, c.gender as c_gender, c.age as c_age, c.id_number as c_id_number, c.native_place as c_native_place, c.height as c_height, c.weight as c_weight, c.birthday as c_birthday, c.phone_number as c_phone_number, c.province as c_province, c.city as c_city, c.county as c_county, c.detail_address as c_detail_address, c.vision_acuity_left as c_vision_acuity_left, c.vision_acuity_right as c_vision_acuity_right, c.vision_acuity as c_vision_acuity, c.diopters_left as c_diopters_left, c.diopters_right as c_diopters_right, c.astigmatism_left as c_astigmatism_left, c.astigmatism_right as c_astigmatism_right, c.joint_luminosity_left as c_joint_luminosity_left, c.joint_luminosity_right as c_joint_luminosity_right, c.axis_left as c_axis_left, c.axis_right as c_axis_right, c.pupil_distance as c_pupil_distance, c.created_time as c_created_time, c.modified_time as c_modified_time, scm.id as scm_id, scm.vision_class_id as scm_vision_class_id, scm.vision_client_id as scm_vision_client_id, scm.student_number as scm_student_number, scm.created_time as scm_created_time, scm.modified_time as scm_modified_time, sc.id as sc_id, sc.vision_school_id as sc_vision_school_id, sc.name as sc_name, sc.created_time as sc_created_time, sc.modified_time as sc_modified_time, s.id as s_id, s.name as s_name, s.province as s_province, s.county as s_county, s.city as s_city, s.detail_address as s_detail_address, s.created_time as s_created_time, s.modified_time as s_modified_time FROM vision_client c INNER JOIN vision_school_class_member scm on scm.vision_client_id = c.id INNER JOIN vision_school_class sc on scm.vision_class_id = sc.id INNER JOIN vision_school s on s.id = sc.vision_school_id order by `c`.`name` LIMIT ? 
2019-03-06 16:30:59,911 DEBUG [http-nio-8081-exec-4] o.v.s.a.p.m.V.selectByCriteria [BaseJdbcLogger.java : 159] ==> Parameters: 20(Integer)
2019-03-06 16:30:59,927 DEBUG [http-nio-8081-exec-4] o.v.s.a.p.m.V.selectByCriteria [BaseJdbcLogger.java : 159] <==      Total: 5
2019-03-06 16:32:47,615 INFO [http-nio-8081-exec-5] o.v.s.a.c.s.j.JwtAuthenticationTokenFilter [JwtAuthenticationTokenFilter.java : 38] Authorization：Bearer eyJhbGciOiJIUzUxMiJ9.eyJleHAiOjE1NTQ0NTMwNDYsInN1YiI6ImFkbWluIiwiY3JlYXRlZCI6MTU1MTg2MTA0NjY4M30.WuFbNxmfmV1sJcSwsBpHn1TvJrRuVova67ZsVCW1__tm42D3DLNFyeL1rWG3bTcdo0Bc6WE6W3pSN3yJDpHXsw
2019-03-06 16:32:47,620 DEBUG [http-nio-8081-exec-5] o.v.s.a.p.m.S.selectByUsername [BaseJdbcLogger.java : 159] ==>  Preparing: select id, username, password, enabled, locked, account_expire, credential_expire, created_time, modified_time from system_user where username = ? 
2019-03-06 16:32:47,620 DEBUG [http-nio-8081-exec-5] o.v.s.a.p.m.S.selectByUsername [BaseJdbcLogger.java : 159] ==> Parameters: admin(String)
2019-03-06 16:32:47,623 DEBUG [http-nio-8081-exec-5] o.v.s.a.p.m.S.selectByUsername [BaseJdbcLogger.java : 159] <==      Total: 1
2019-03-06 16:32:47,624 DEBUG [http-nio-8081-exec-5] o.v.s.a.p.m.S.selectByUserId [BaseJdbcLogger.java : 159] ==>  Preparing: select distinct sa.id, sa.`name`, sa.`desc`, sa.created_time, sa.modified_time from system_authority sa inner join system_role_authority sra on sa.id = sra.authority_id inner join system_user_role sur on sra.role_id = sur.role_id where sur.system_user_id = ? order by sa.name 
2019-03-06 16:32:47,626 DEBUG [http-nio-8081-exec-5] o.v.s.a.p.m.S.selectByUserId [BaseJdbcLogger.java : 159] ==> Parameters: 3cngvbN1pfxVfsXsGMfmhJ(String)
2019-03-06 16:32:47,630 DEBUG [http-nio-8081-exec-5] o.v.s.a.p.m.S.selectByUserId [BaseJdbcLogger.java : 159] <==      Total: 1
2019-03-06 16:32:47,642 DEBUG [http-nio-8081-exec-5] o.v.s.a.p.m.V.selectByCriteria_COUNT [BaseJdbcLogger.java : 159] ==>  Preparing: SELECT count(0) FROM vision_activity WHERE archived = ? 
2019-03-06 16:32:47,643 DEBUG [http-nio-8081-exec-5] o.v.s.a.p.m.V.selectByCriteria_COUNT [BaseJdbcLogger.java : 159] ==> Parameters: false(Boolean)
2019-03-06 16:32:47,646 DEBUG [http-nio-8081-exec-5] o.v.s.a.p.m.V.selectByCriteria_COUNT [BaseJdbcLogger.java : 159] <==      Total: 1
2019-03-06 16:32:47,647 DEBUG [http-nio-8081-exec-5] o.v.s.a.p.m.V.selectByCriteria [BaseJdbcLogger.java : 159] ==>  Preparing: SELECT id, `name`, address, begin_date, end_date, content, contact_man, contact_phone_number, remark, archived, modified_time, created_time FROM vision_activity WHERE archived = ? order by begin_date desc LIMIT ? 
2019-03-06 16:32:47,648 DEBUG [http-nio-8081-exec-5] o.v.s.a.p.m.V.selectByCriteria [BaseJdbcLogger.java : 159] ==> Parameters: false(Boolean), 200(Integer)
2019-03-06 16:32:47,655 DEBUG [http-nio-8081-exec-5] o.v.s.a.p.m.V.selectByCriteria [BaseJdbcLogger.java : 159] <==      Total: 3
2019-03-06 16:38:40,196 INFO [Thread-11] o.s.s.c.ThreadPoolTaskExecutor [ExecutorConfigurationSupport.java : 208] Shutting down ExecutorService 'applicationTaskExecutor'
2019-03-06 16:38:40,199 INFO [Thread-11] com.zaxxer.hikari.HikariDataSource [HikariDataSource.java : 350] HikariPool-1 - Shutdown initiated...
2019-03-06 16:38:40,207 INFO [Thread-11] com.zaxxer.hikari.HikariDataSource [HikariDataSource.java : 352] HikariPool-1 - Shutdown completed.
